[7632:6148:0612/171546.379:WARNING:leveldb_database.cc(72)] Unable to open C:\FILES\LAST\unitest\~\.e2e-chrome-profile\Default\Thumbnails: IO error: C:\FILES\LAST\unitest\~\.e2e-chrome-profile\Default\Thumbnails/MANIFEST-000001: Unable to create sequential file (ChromeMethodBFE: 7::NewSequentialFile::1)
[7632:4872:0612/171546.568:ERROR:background_sync_manager.cc(363)] BackgroundSync failed to init due to backend failure.
[7632:4960:0612/171546.596:ERROR:data_store_impl.cc(130)] Failed to open Data Reduction Proxy DB: 3
[7632:6580:0612/171546.728:WARNING:leveldb_database.cc(72)] Unable to open C:\FILES\LAST\unitest\~\.e2e-chrome-profile\Default\Download Service\EntryDB: IO error: C:\FILES\LAST\unitest\~\.e2e-chrome-profile\Default\Download Service\EntryDB/MANIFEST-000001: Unable to create sequential file (ChromeMethodBFE: 7::NewSequentialFile::1)
[7632:10084:0612/171548.083:INFO:CONSOLE(7)] "SW failed to register: Failed to register a ServiceWorker: No URL is associated with the caller's document.", source: https://www.google.com/_/chrome/newtab?ie=UTF-8 (7)
[7632:6148:0612/171548.163:WARNING:value_store_frontend.cc(42)] Reading mfehgcgbbipciphmccgaenjidiccnmng.alarms from  failed: IO error: .../MANIFEST-000001: Unable to create sequential file (ChromeMethodBFE: 7::NewSequentialFile::1)
[7632:6148:0612/171548.183:WARNING:value_store_frontend.cc(42)] Reading ahfgeienlihckogmohjhadlkjgocpleb.alarms from  failed: IO error: .../MANIFEST-000001: Unable to create sequential file (ChromeMethodBFE: 7::NewSequentialFile::1)
[7632:6148:0612/171548.211:WARNING:value_store_frontend.cc(42)] Reading mhjfbmdgcfjbbpaeojofohoefgiehjai.alarms from  failed: IO error: .../MANIFEST-000001: Unable to create sequential file (ChromeMethodBFE: 7::NewSequentialFile::1)
[7632:11192:0612/171548.211:WARNING:session_storage_database.cc(421)] Failed to open leveldb in C:\FILES\LAST\unitest\~\.e2e-chrome-profile\Default\Session Storage, error: IO error: C:\FILES\LAST\unitest\~\.e2e-chrome-profile\Default\Session Storage/MANIFEST-000001: Unable to create sequential file (ChromeMethodBFE: 7::NewSequentialFile::1)
[7632:6148:0612/171548.271:WARNING:value_store_frontend.cc(42)] Reading aapnijgdinlhnhlmodcfapnahmbfebeb.alarms from  failed: IO error: .../MANIFEST-000001: Unable to create sequential file (ChromeMethodBFE: 7::NewSequentialFile::1)
[7632:6148:0612/171548.299:ERROR:leveldb_database.cc(311)] Failed to open LevelDB database from C:\FILES\LAST\unitest\~\.e2e-chrome-profile\Default\IndexedDB\https_www.google.com_0.indexeddb.leveldb,IO error: C:\FILES\LAST\unitest\~\.e2e-chrome-profile\Default\IndexedDB\https_www.google.com_0.indexeddb.leveldb/MANIFEST-000001: Unable to create sequential file (ChromeMethodBFE: 7::NewSequentialFile::1)
[7632:6148:0612/171548.299:ERROR:indexed_db_backing_store.cc(1018)] Unable to open backing store, not trying to recover - IO error: C:\FILES\LAST\unitest\~\.e2e-chrome-profile\Default\IndexedDB\https_www.google.com_0.indexeddb.leveldb/MANIFEST-000001: Unable to create sequential file (ChromeMethodBFE: 7::NewSequentialFile::1)
[7632:10084:0612/171548.367:ERROR:CONSOLE(143)] "Uncaught SyntaxError: Failed to execute 'postMessage' on 'Window': Invalid target origin '' in a call to 'postMessage'.", source: chrome-search://most-visited/single.js (143)
[7632:4872:0612/171548.491:WARNING:spdy_session.cc(2991)] Received HEADERS for invalid stream 5
[7632:10084:0612/171550.404:INFO:CONSOLE(67405)] "Angular is running in the development mode. Call enableProdMode() to enable the production mode.", source: http://localhost:49152/vendor.bundle.js (67405)
[7632:10084:0612/171556.868:INFO:CONSOLE(67405)] "Angular is running in the development mode. Call enableProdMode() to enable the production mode.", source: http://localhost:49152/vendor.bundle.js (67405)
[7632:10084:0612/171559.212:INFO:CONSOLE(67405)] "Angular is running in the development mode. Call enableProdMode() to enable the production mode.", source: http://localhost:49152/vendor.bundle.js (67405)
[7632:10084:0612/171601.216:INFO:CONSOLE(0)] "[DOM] Input elements should have autocomplete attributes (suggested: "current-password"): (More info: https://goo.gl/9p2vKq) %o", source: http://localhost:49152/login?return=%2Fadmin%2Fgroups (0)
[7632:10084:0612/171606.950:INFO:CONSOLE(67405)] "Angular is running in the development mode. Call enableProdMode() to enable the production mode.", source: http://localhost:49152/vendor.bundle.js (67405)
[7632:10084:0612/171609.214:INFO:CONSOLE(0)] "[DOM] Input elements should have autocomplete attributes (suggested: "current-password"): (More info: https://goo.gl/9p2vKq) %o", source: http://localhost:49152/login?return=%2Fadmin%2Fgroups (0)
[7632:10084:0612/171612.586:INFO:CONSOLE(67405)] "Angular is running in the development mode. Call enableProdMode() to enable the production mode.", source: http://localhost:49152/vendor.bundle.js (67405)
[7632:10084:0612/171615.172:INFO:CONSOLE(0)] "[DOM] Input elements should have autocomplete attributes (suggested: "current-password"): (More info: https://goo.gl/9p2vKq) %o", source: http://localhost:49152/login?return=%2Fadmin%2Fgroups (0)
[7632:10084:0612/171618.441:INFO:CONSOLE(67405)] "Angular is running in the development mode. Call enableProdMode() to enable the production mode.", source: http://localhost:49152/vendor.bundle.js (67405)
[7632:10084:0612/171620.847:INFO:CONSOLE(0)] "[DOM] Input elements should have autocomplete attributes (suggested: "current-password"): (More info: https://goo.gl/9p2vKq) %o", source: http://localhost:49152/login?return=%2Fadmin%2Fgroups (0)
[7632:10084:0612/171624.417:INFO:CONSOLE(67405)] "Angular is running in the development mode. Call enableProdMode() to enable the production mode.", source: http://localhost:49152/vendor.bundle.js (67405)
[7632:10084:0612/171627.067:INFO:CONSOLE(0)] "[DOM] Input elements should have autocomplete attributes (suggested: "current-password"): (More info: https://goo.gl/9p2vKq) %o", source: http://localhost:49152/login?return=%2Fadmin%2Fgroups (0)
[7632:10084:0612/171630.525:INFO:CONSOLE(67405)] "Angular is running in the development mode. Call enableProdMode() to enable the production mode.", source: http://localhost:49152/vendor.bundle.js (67405)
